#
# There is insufficient memory for the Java Runtime Environment to continue.
# Native memory allocation (malloc) failed to allocate 32744 bytes for ChunkPool::allocate
# Possible reasons:
#   The system is out of physical RAM or swap space
#   The process is running with CompressedOops enabled, and the Java Heap may be blocking the growth of the native heap
# Possible solutions:
#   Reduce memory load on the system
#   Increase physical memory or swap space
#   Check if swap backing store is full
#   Decrease Java heap size (-Xmx/-Xms)
#   Decrease number of Java threads
#   Decrease Java thread stack sizes (-Xss)
#   Set larger code cache with -XX:ReservedCodeCacheSize=
#   JVM is running with Unscaled Compressed Oops mode in which the Java heap is
#     placed in the first 4GB address space. The Java Heap base address is the
#     maximum limit for the native heap growth. Please use -XX:HeapBaseMinAddress
#     to set the Java Heap base and to place the Java Heap above 4GB virtual address.
# This output file may be truncated or incomplete.
#
#  Out of Memory Error (allocation.cpp:272), pid=15260, tid=0x0000000000001e74
#
# JRE version: Java(TM) SE Runtime Environment (8.0_271-b09) (build 1.8.0_271-b09)
# Java VM: Java HotSpot(TM) 64-Bit Server VM (25.271-b09 mixed mode windows-amd64 compressed oops)
# Failed to write core dump. Minidumps are not enabled by default on client versions of Windows
#

---------------  T H R E A D  ---------------

Current thread (0x0000020e81448800):  JavaThread "Daemon worker" [_thread_in_vm, id=7796, stack(0x0000002257100000,0x0000002257200000)]

Stack: [0x0000002257100000,0x0000002257200000]
Native frames: (J=compiled Java code, j=interpreted, Vv=VM code, C=native code)
V  [jvm.dll+0x33f6c9]

Java frames: (J=compiled Java code, j=interpreted, Vv=VM code)
J 565  java.lang.Throwable.fillInStackTrace(I)Ljava/lang/Throwable; (0 bytes) @ 0x0000020eec5572bb [0x0000020eec557280+0x3b]
J 588 C1 java.lang.Throwable.<init>(Ljava/lang/String;Ljava/lang/Throwable;)V (39 bytes) @ 0x0000020eec569324 [0x0000020eec568fe0+0x344]
J 569 C1 java.lang.ReflectiveOperationException.<init>(Ljava/lang/String;Ljava/lang/Throwable;)V (7 bytes) @ 0x0000020eec558e04 [0x0000020eec558d40+0xc4]
J 1492 C2 java.net.URLClassLoader.findClass(Ljava/lang/String;)Ljava/lang/Class; (47 bytes) @ 0x0000020eec8459ec [0x0000020eec8458e0+0x10c]
J 1463 C2 java.lang.ClassLoader.loadClass(Ljava/lang/String;Z)Ljava/lang/Class; (122 bytes) @ 0x0000020eec84aa18 [0x0000020eec849a80+0xf98]
J 1463 C2 java.lang.ClassLoader.loadClass(Ljava/lang/String;Z)Ljava/lang/Class; (122 bytes) @ 0x0000020eec84a6f8 [0x0000020eec849a80+0xc78]
J 501 C1 java.lang.ClassLoader.loadClass(Ljava/lang/String;)Ljava/lang/Class; (7 bytes) @ 0x0000020eec5356cc [0x0000020eec5355c0+0x10c]
v  ~StubRoutines::call_stub
j  org.gradle.internal.service.scopes.BuildScopeServices.createPublicBuildPath(Lorg/gradle/internal/build/BuildState;)Lorg/gradle/internal/build/PublicBuildPath;+0
v  ~StubRoutines::call_stub
j  sun.reflect.NativeMethodAccessorImpl.invoke0(Ljava/lang/reflect/Method;Ljava/lang/Object;[Ljava/lang/Object;)Ljava/lang/Object;+0
j  sun.reflect.NativeMethodAccessorImpl.invoke(Ljava/lang/Object;[Ljava/lang/Object;)Ljava/lang/Object;+100
J 1279 C1 sun.reflect.DelegatingMethodAccessorImpl.invoke(Ljava/lang/Object;[Ljava/lang/Object;)Ljava/lang/Object; (10 bytes) @ 0x0000020eec7c4144 [0x0000020eec7c4040+0x104]
J 1278 C1 java.lang.reflect.Method.invoke(Ljava/lang/Object;[Ljava/lang/Object;)Ljava/lang/Object; (62 bytes) @ 0x0000020eec7c3b6c [0x0000020eec7c3780+0x3ec]
j  org.gradle.internal.reflect.JavaMethod.invoke(Ljava/lang/Object;[Ljava/lang/Object;)Ljava/lang/Object;+6
j  org.gradle.internal.service.ReflectionBasedServiceMethod.invoke(Ljava/lang/Object;[Ljava/lang/Object;)Ljava/lang/Object;+6
j  org.gradle.internal.service.DefaultServiceRegistry$FactoryMethodService.invokeMethod([Ljava/lang/Object;)Ljava/lang/Object;+9
j  org.gradle.internal.service.DefaultServiceRegistry$FactoryService.create()Ljava/lang/Object;+7
J 1479 C1 org.gradle.internal.service.DefaultServiceRegistry$ManagedObjectServiceProvider.getInstance()Ljava/lang/Object; (81 bytes) @ 0x0000020eec83d5cc [0x0000020eec83d380+0x24c]
J 1478 C1 org.gradle.internal.service.DefaultServiceRegistry$SingletonService.get()Ljava/lang/Object; (5 bytes) @ 0x0000020eec83db34 [0x0000020eec83da40+0xf4]
j  org.gradle.internal.service.DefaultServiceRegistry$FactoryService.assembleParameters()[Ljava/lang/Object;+44
j  org.gradle.internal.service.DefaultServiceRegistry$FactoryService.create()Ljava/lang/Object;+1
J 1479 C1 org.gradle.internal.service.DefaultServiceRegistry$ManagedObjectServiceProvider.getInstance()Ljava/lang/Object; (81 bytes) @ 0x0000020eec83d5cc [0x0000020eec83d380+0x24c]
J 1478 C1 org.gradle.internal.service.DefaultServiceRegistry$SingletonService.get()Ljava/lang/Object; (5 bytes) @ 0x0000020eec83db34 [0x0000020eec83da40+0xf4]
j  org.gradle.internal.service.DefaultServiceRegistry$FactoryService.assembleParameters()[Ljava/lang/Object;+44
j  org.gradle.internal.service.DefaultServiceRegistry$FactoryService.create()Ljava/lang/Object;+1
J 1479 C1 org.gradle.internal.service.DefaultServiceRegistry$ManagedObjectServiceProvider.getInstance()Ljava/lang/Object; (81 bytes) @ 0x0000020eec83d5cc [0x0000020eec83d380+0x24c]
J 1478 C1 org.gradle.internal.service.DefaultServiceRegistry$SingletonService.get()Ljava/lang/Object; (5 bytes) @ 0x0000020eec83db34 [0x0000020eec83da40+0xf4]
j  org.gradle.internal.service.DefaultServiceRegistry$FactoryService.assembleParameters()[Ljava/lang/Object;+44
j  org.gradle.internal.service.DefaultServiceRegistry$FactoryService.create()Ljava/lang/Object;+1
J 1479 C1 org.gradle.internal.service.DefaultServiceRegistry$ManagedObjectServiceProvider.getInstance()Ljava/lang/Object; (81 bytes) @ 0x0000020eec83d5cc [0x0000020eec83d380+0x24c]
J 1478 C1 org.gradle.internal.service.DefaultServiceRegistry$SingletonService.get()Ljava/lang/Object; (5 bytes) @ 0x0000020eec83db34 [0x0000020eec83da40+0xf4]
j  org.gradle.internal.service.DefaultServiceRegistry$InstanceUnpackingVisitor.visit(Lorg/gradle/internal/service/Service;)V+5
J 1610 C1 org.gradle.internal.service.DefaultServiceRegistry$SingletonService.getAll(Ljava/lang/Class;Lorg/gradle/internal/service/ServiceProvider$Visitor;)Lorg/gradle/internal/service/ServiceProvider$Visitor; (23 bytes) @ 0x0000020eec894fb4 [0x0000020eec894da0+0x214]
j  org.gradle.internal.service.DefaultServiceRegistry$FactoryService.getAll(Ljava/lang/Class;Lorg/gradle/internal/service/ServiceProvider$Visitor;)Lorg/gradle/internal/service/ServiceProvider$Visitor;+3
j  org.gradle.internal.service.DefaultServiceRegistry$OwnServices.getAll(Ljava/lang/Class;Lorg/gradle/internal/service/ServiceProvider$Visitor;)Lorg/gradle/internal/service/ServiceProvider$Visitor;+35
j  org.gradle.internal.service.DefaultServiceRegistry$CompositeServiceProvider.getAll(Ljava/lang/Class;Lorg/gradle/internal/service/ServiceProvider$Visitor;)Lorg/gradle/internal/service/ServiceProvider$Visitor;+29
j  org.gradle.internal.service.DefaultServiceRegistry.getAll(Ljava/lang/Class;)Ljava/util/List;+31
j  org.gradle.initialization.DefaultGradleLauncherFactory.doNewInstance(Lorg/gradle/api/internal/BuildDefinition;Lorg/gradle/internal/build/BuildState;Lorg/gradle/initialization/GradleLauncher;Lorg/gradle/internal/buildtree/BuildTreeState;Ljava/util/List;Lorg/gradle/initialization/DefaultGradleLauncherFactory$GradleLauncherInstantiator;Ljava/util/function/Function;)Lorg/gradle/initialization/GradleLauncher;+73
j  org.gradle.initialization.DefaultGradleLauncherFactory.doNewInstance(Lorg/gradle/api/internal/BuildDefinition;Lorg/gradle/internal/build/BuildState;Lorg/gradle/initialization/GradleLauncher;Lorg/gradle/internal/buildtree/BuildTreeState;Ljava/util/List;)Lorg/gradle/initialization/GradleLauncher;+19
j  org.gradle.initialization.DefaultGradleLauncherFactory.newInstance(Lorg/gradle/api/internal/BuildDefinition;Lorg/gradle/internal/build/RootBuildState;Lorg/gradle/internal/buildtree/BuildTreeState;)Lorg/gradle/initialization/GradleLauncher;+31
j  org.gradle.composite.internal.DefaultRootBuildState.<init>(Lorg/gradle/api/internal/BuildDefinition;Lorg/gradle/initialization/GradleLauncherFactory;Lorg/gradle/internal/event/ListenerManager;Lorg/gradle/internal/buildtree/BuildTreeState;)V+15
j  org.gradle.composite.internal.DefaultIncludedBuildRegistry.createRootBuild(Lorg/gradle/api/internal/BuildDefinition;)Lorg/gradle/internal/build/RootBuildState;+35
j  org.gradle.launcher.exec.InProcessBuildActionExecuter.execute(Lorg/gradle/internal/invocation/BuildAction;Lorg/gradle/launcher/exec/BuildActionParameters;Lorg/gradle/internal/buildtree/BuildTreeContext;)Lorg/gradle/launcher/exec/BuildActionResult;+23
j  org.gradle.launcher.exec.InProcessBuildActionExecuter.execute(Lorg/gradle/internal/invocation/BuildAction;Ljava/lang/Object;Ljava/lang/Object;)Lorg/gradle/launcher/exec/BuildActionResult;+10
j  org.gradle.launcher.exec.BuildTreeScopeLifecycleBuildActionExecuter.lambda$execute$0(Lorg/gradle/internal/invocation/BuildAction;Lorg/gradle/launcher/exec/BuildActionParameters;Lorg/gradle/internal/buildtree/BuildTreeContext;)Lorg/gradle/launcher/exec/BuildActionResult;+19
j  org.gradle.launcher.exec.BuildTreeScopeLifecycleBuildActionExecuter$$Lambda$23.apply(Ljava/lang/Object;)Ljava/lang/Object;+12
j  org.gradle.internal.buildtree.BuildTreeState.run(Ljava/util/function/Function;)Ljava/lang/Object;+7
j  org.gradle.launcher.exec.BuildTreeScopeLifecycleBuildActionExecuter.execute(Lorg/gradle/internal/invocation/BuildAction;Lorg/gradle/launcher/exec/BuildActionParameters;Lorg/gradle/internal/session/BuildSessionContext;)Lorg/gradle/launcher/exec/BuildActionResult;+46
j  org.gradle.launcher.exec.BuildTreeScopeLifecycleBuildActionExecuter.execute(Lorg/gradle/internal/invocation/BuildAction;Ljava/lang/Object;Ljava/lang/Object;)Lorg/gradle/launcher/exec/BuildActionResult;+10
j  org.gradle.tooling.internal.provider.ContinuousBuildActionExecuter.execute(Lorg/gradle/internal/invocation/BuildAction;Lorg/gradle/launcher/exec/BuildActionParameters;Lorg/gradle/internal/session/BuildSessionContext;)Lorg/gradle/launcher/exec/BuildActionResult;+59
j  org.gradle.tooling.internal.provider.ContinuousBuildActionExecuter.execute(Lorg/gradle/internal/invocation/BuildAction;Ljava/lang/Object;Ljava/lang/Object;)Lorg/gradle/launcher/exec/BuildActionResult;+10
j  org.gradle.tooling.internal.provider.SubscribableBuildActionExecuter.execute(Lorg/gradle/internal/invocation/BuildAction;Lorg/gradle/launcher/exec/BuildActionParameters;Lorg/gradle/internal/session/BuildSessionContext;)Lorg/gradle/launcher/exec/BuildActionResult;+33
j  org.gradle.tooling.internal.provider.SubscribableBuildActionExecuter.execute(Lorg/gradle/internal/invocation/BuildAction;Ljava/lang/Object;Ljava/lang/Object;)Lorg/gradle/launcher/exec/BuildActionResult;+10
j  org.gradle.tooling.internal.provider.SessionScopeLifecycleBuildActionExecuter.lambda$execute$0(Lorg/gradle/internal/invocation/BuildAction;Lorg/gradle/launcher/exec/BuildActionParameters;Lorg/gradle/internal/session/BuildSessionContext;)Lorg/gradle/launcher/exec/BuildActionResult;+52
j  org.gradle.tooling.internal.provider.SessionScopeLifecycleBuildActionExecuter$$Lambda$16.apply(Ljava/lang/Object;)Ljava/lang/Object;+12
j  org.gradle.internal.session.BuildSessionState.run(Ljava/util/function/Function;)Ljava/lang/Object;+9
j  org.gradle.tooling.internal.provider.SessionScopeLifecycleBuildActionExecuter.execute(Lorg/gradle/internal/invocation/BuildAction;Lorg/gradle/launcher/exec/BuildActionParameters;Lorg/gradle/initialization/BuildRequestContext;)Lorg/gradle/launcher/exec/BuildActionResult;+74
j  org.gradle.tooling.internal.provider.SessionScopeLifecycleBuildActionExecuter.execute(Lorg/gradle/internal/invocation/BuildAction;Ljava/lang/Object;Ljava/lang/Object;)Lorg/gradle/launcher/exec/BuildActionResult;+10
j  org.gradle.tooling.internal.provider.GradleThreadBuildActionExecuter.execute(Lorg/gradle/internal/invocation/BuildAction;Lorg/gradle/launcher/exec/BuildActionParameters;Lorg/gradle/initialization/BuildRequestContext;)Lorg/gradle/launcher/exec/BuildActionResult;+10
j  org.gradle.tooling.internal.provider.GradleThreadBuildActionExecuter.execute(Lorg/gradle/internal/invocation/BuildAction;Ljava/lang/Object;Ljava/lang/Object;)Lorg/gradle/launcher/exec/BuildActionResult;+10
j  org.gradle.tooling.internal.provider.StartParamsValidatingActionExecuter.execute(Lorg/gradle/internal/invocation/BuildAction;Lorg/gradle/launcher/exec/BuildActionParameters;Lorg/gradle/initialization/BuildRequestContext;)Lorg/gradle/launcher/exec/BuildActionResult;+175
j  org.gradle.tooling.internal.provider.StartParamsValidatingActionExecuter.execute(Lorg/gradle/internal/invocation/BuildAction;Ljava/lang/Object;Ljava/lang/Object;)Lorg/gradle/launcher/exec/BuildActionResult;+10
j  org.gradle.tooling.internal.provider.SessionFailureReportingActionExecuter.execute(Lorg/gradle/internal/invocation/BuildAction;Lorg/gradle/launcher/exec/BuildActionParameters;Lorg/gradle/initialization/BuildRequestContext;)Lorg/gradle/launcher/exec/BuildActionResult;+7
j  org.gradle.tooling.internal.provider.SessionFailureReportingActionExecuter.execute(Lorg/gradle/internal/invocation/BuildAction;Ljava/lang/Object;Ljava/lang/Object;)Lorg/gradle/launcher/exec/BuildActionResult;+10
j  org.gradle.tooling.internal.provider.SetupLoggingActionExecuter.execute(Lorg/gradle/internal/invocation/BuildAction;Lorg/gradle/launcher/exec/BuildActionParameters;Lorg/gradle/initialization/BuildRequestContext;)Lorg/gradle/launcher/exec/BuildActionResult;+50
j  org.gradle.tooling.internal.provider.SetupLoggingActionExecuter.execute(Lorg/gradle/internal/invocation/BuildAction;Ljava/lang/Object;Ljava/lang/Object;)Lorg/gradle/launcher/exec/BuildActionResult;+10
j  org.gradle.launcher.daemon.server.exec.ExecuteBuild.doBuild(Lorg/gradle/launcher/daemon/server/api/DaemonCommandExecution;Lorg/gradle/launcher/daemon/protocol/Build;)V+114
j  org.gradle.launcher.daemon.server.exec.BuildCommandOnly.execute(Lorg/gradle/launcher/daemon/server/api/DaemonCommandExecution;)V+49
j  org.gradle.launcher.daemon.server.api.DaemonCommandExecution.proceed()Z+23
j  org.gradle.launcher.daemon.server.exec.WatchForDisconnection.execute(Lorg/gradle/launcher/daemon/server/api/DaemonCommandExecution;)V+19
j  org.gradle.launcher.daemon.server.api.DaemonCommandExecution.proceed()Z+23
j  org.gradle.launcher.daemon.server.exec.ResetDeprecationLogger.execute(Lorg/gradle/launcher/daemon/server/api/DaemonCommandExecution;)V+7
j  org.gradle.launcher.daemon.server.api.DaemonCommandExecution.proceed()Z+23
j  org.gradle.launcher.daemon.server.exec.RequestStopIfSingleUsedDaemon.execute(Lorg/gradle/launcher/daemon/server/api/DaemonCommandExecution;)V+33
j  org.gradle.launcher.daemon.server.api.DaemonCommandExecution.proceed()Z+23
j  org.gradle.launcher.daemon.server.exec.ForwardClientInput$2.create()Ljava/lang/Void;+4
j  org.gradle.launcher.daemon.server.exec.ForwardClientInput$2.create()Ljava/lang/Object;+1
j  org.gradle.util.Swapper.swap(Ljava/lang/Object;Lorg/gradle/internal/Factory;)Ljava/lang/Object;+21
j  org.gradle.launcher.daemon.server.exec.ForwardClientInput.execute(Lorg/gradle/launcher/daemon/server/api/DaemonCommandExecution;)V+63
j  org.gradle.launcher.daemon.server.api.DaemonCommandExecution.proceed()Z+23
j  org.gradle.launcher.daemon.server.exec.LogAndCheckHealth.execute(Lorg/gradle/launcher/daemon/server/api/DaemonCommandExecution;)V+28
j  org.gradle.launcher.daemon.server.api.DaemonCommandExecution.proceed()Z+23
j  org.gradle.launcher.daemon.server.exec.LogToClient.doBuild(Lorg/gradle/launcher/daemon/server/api/DaemonCommandExecution;Lorg/gradle/launcher/daemon/protocol/Build;)V+87
j  org.gradle.launcher.daemon.server.exec.BuildCommandOnly.execute(Lorg/gradle/launcher/daemon/server/api/DaemonCommandExecution;)V+49
j  org.gradle.launcher.daemon.server.api.DaemonCommandExecution.proceed()Z+23
j  org.gradle.launcher.daemon.server.exec.EstablishBuildEnvironment.doBuild(Lorg/gradle/launcher/daemon/server/api/DaemonCommandExecution;Lorg/gradle/launcher/daemon/protocol/Build;)V+356
j  org.gradle.launcher.daemon.server.exec.BuildCommandOnly.execute(Lorg/gradle/launcher/daemon/server/api/DaemonCommandExecution;)V+49
j  org.gradle.launcher.daemon.server.api.DaemonCommandExecution.proceed()Z+23
j  org.gradle.launcher.daemon.server.exec.StartBuildOrRespondWithBusy$1.run()V+44
j  org.gradle.launcher.daemon.server.DaemonStateCoordinator$1.run()V+4
j  org.gradle.internal.concurrent.ExecutorPolicy$CatchAndRecordFailures.onExecute(Ljava/lang/Runnable;)V+1
j  org.gradle.internal.concurrent.ManagedExecutorImpl$1.run()V+25
j  java.util.concurrent.ThreadPoolExecutor.runWorker(Ljava/util/concurrent/ThreadPoolExecutor$Worker;)V+95
j  java.util.concurrent.ThreadPoolExecutor$Worker.run()V+5
j  org.gradle.internal.concurrent.ThreadFactoryImpl$ManagedThreadRunnable.run()V+7
j  java.lang.Thread.run()V+11
v  ~StubRoutines::call_stub

---------------  P R O C E S S  ---------------

Java Threads: ( => current thread )
  0x0000020efea36000 JavaThread "Cache worker for journal cache (C:\Users\rafae\.gradle\caches\journal-1)" [_thread_blocked, id=14120, stack(0x0000002257700000,0x0000002257800000)]
  0x0000020efea31800 JavaThread "File lock request listener" [_thread_in_native, id=7100, stack(0x0000002257600000,0x0000002257700000)]
  0x0000020efea30800 JavaThread "Cache worker for file hash cache (C:\Users\rafae\.gradle\caches\6.8\fileHashes)" [_thread_blocked, id=6204, stack(0x0000002257500000,0x0000002257600000)]
  0x0000020e81447800 JavaThread "Daemon client event forwarder" [_thread_blocked, id=1260, stack(0x0000002257400000,0x0000002257500000)]
  0x0000020e81446800 JavaThread "Stdin handler" [_thread_blocked, id=7772, stack(0x0000002257300000,0x0000002257400000)]
  0x0000020e8141d800 JavaThread "Asynchronous log dispatcher for DefaultDaemonConnection: socket connection from /127.0.0.1:62334 to /127.0.0.1:62335" [_thread_blocked, id=10488, stack(0x0000002257200000,0x0000002257300000)]
=>0x0000020e81448800 JavaThread "Daemon worker" [_thread_in_vm, id=7796, stack(0x0000002257100000,0x0000002257200000)]
  0x0000020e81413000 JavaThread "Cancel handler" [_thread_blocked, id=15220, stack(0x0000002257000000,0x0000002257100000)]
  0x0000020e8133c800 JavaThread "Handler for socket connection from /127.0.0.1:62334 to /127.0.0.1:62335" [_thread_in_native, id=11736, stack(0x0000002256f00000,0x0000002257000000)]
  0x0000020e8133b800 JavaThread "Daemon" [_thread_blocked, id=14496, stack(0x0000002256e00000,0x0000002256f00000)]
  0x0000020e81350000 JavaThread "Daemon periodic checks" [_thread_blocked, id=14968, stack(0x0000002256d00000,0x0000002256e00000)]
  0x0000020e8132c800 JavaThread "Incoming local TCP Connector on port 62334" [_thread_in_native, id=12600, stack(0x0000002256c00000,0x0000002256d00000)]
  0x0000020e811ff800 JavaThread "Daemon health stats" [_thread_blocked, id=9620, stack(0x0000002256900000,0x0000002256a00000)]
  0x0000020efda44000 JavaThread "Service Thread" daemon [_thread_blocked, id=9924, stack(0x0000002256700000,0x0000002256800000)]
  0x0000020efda41000 JavaThread "C1 CompilerThread2" daemon [_thread_in_native, id=15116, stack(0x0000002256600000,0x0000002256700000)]
  0x0000020efda38800 JavaThread "C2 CompilerThread1" daemon [_thread_in_native, id=4144, stack(0x0000002256500000,0x0000002256600000)]
  0x0000020efd9e2800 JavaThread "C2 CompilerThread0" daemon [_thread_in_native, id=8100, stack(0x0000002256400000,0x0000002256500000)]
  0x0000020efd9e0800 JavaThread "Attach Listener" daemon [_thread_blocked, id=13700, stack(0x0000002256300000,0x0000002256400000)]
  0x0000020efd9e0000 JavaThread "Signal Dispatcher" daemon [_thread_blocked, id=6864, stack(0x0000002256200000,0x0000002256300000)]
  0x0000020efd297000 JavaThread "Finalizer" daemon [_thread_blocked, id=8776, stack(0x0000002256100000,0x0000002256200000)]
  0x0000020efd9c6000 JavaThread "Reference Handler" daemon [_thread_blocked, id=6640, stack(0x0000002256000000,0x0000002256100000)]
  0x0000020eea9bf000 JavaThread "main" [_thread_blocked, id=12776, stack(0x0000002255a00000,0x0000002255b00000)]

Other Threads:
  0x0000020efd9a4000 VMThread [stack: 0x0000002255f00000,0x0000002256000000] [id=4468]
  0x0000020efda47000 WatcherThread [stack: 0x0000002256800000,0x0000002256900000] [id=12412]

VM state:not at safepoint (normal execution)

VM Mutex/Monitor currently owned by a thread: None

heap address: 0x00000000e0000000, size: 512 MB, Compressed Oops mode: 32-bit
Narrow klass base: 0x0000000000000000, Narrow klass shift: 3
Compressed class space size: 1073741824 Address: 0x0000000100000000

Heap:
 PSYoungGen      total 76288K, used 50056K [0x00000000f5580000, 0x00000000faa80000, 0x0000000100000000)
  eden space 65536K, 62% used [0x00000000f5580000,0x00000000f7d565e8,0x00000000f9580000)
  from space 10752K, 86% used [0x00000000fa000000,0x00000000fa90ba68,0x00000000faa80000)
  to   space 10752K, 0% used [0x00000000f9580000,0x00000000f9580000,0x00000000fa000000)
 ParOldGen       total 175104K, used 24K [0x00000000e0000000, 0x00000000eab00000, 0x00000000f5580000)
  object space 175104K, 0% used [0x00000000e0000000,0x00000000e0006000,0x00000000eab00000)
 Metaspace       used 17284K, capacity 17998K, committed 18048K, reserved 1064960K
  class space    used 2500K, capacity 2685K, committed 2688K, reserved 1048576K

Card table byte_map: [0x0000020efb6d0000,0x0000020efb7e0000] byte_map_base: 0x0000020efafd0000

Marking Bits: (ParMarkBitMap*) 0x0000000067637fe0
 Begin Bits: [0x0000020efb890000, 0x0000020efc090000)
 End Bits:   [0x0000020efc090000, 0x0000020efc890000)

Polling page: 0x0000020eea970000

CodeCache: size=245760Kb used=5743Kb max_used=5743Kb free=240016Kb
 bounds [0x0000020eec310000, 0x0000020eec8b0000, 0x0000020efb310000]
 total_blobs=2050 nmethods=1635 adapters=327
 compilation: enabled

Compilation events (10 events):
Event: 3.754 Thread 0x0000020efda41000 nmethod 1635 0x0000020eec8abcd0 code [0x0000020eec8abe60, 0x0000020eec8ac250]
Event: 3.754 Thread 0x0000020efda41000 1636       3       java.lang.reflect.ReflectAccess::copyConstructor (5 bytes)
Event: 3.754 Thread 0x0000020efda41000 nmethod 1636 0x0000020eec8ac410 code [0x0000020eec8ac580, 0x0000020eec8ac790]
Event: 3.761 Thread 0x0000020efda41000 1638       3       jdk.internal.org.objectweb.asm.ClassWriter::addType (103 bytes)
Event: 3.762 Thread 0x0000020efda41000 nmethod 1638 0x0000020eec8ac850 code [0x0000020eec8aca00, 0x0000020eec8ad030]
Event: 3.775 Thread 0x0000020efda41000 1639       3       java.lang.Class::privateGetDeclaredConstructors (85 bytes)
Event: 3.776 Thread 0x0000020efda41000 nmethod 1639 0x0000020eec8ad250 code [0x0000020eec8ad420, 0x0000020eec8adb20]
Event: 3.778 Thread 0x0000020efda41000 1640       3       org.gradle.internal.service.DefaultServiceRegistry::isSatisfiedBy (44 bytes)
Event: 3.779 Thread 0x0000020efda41000 nmethod 1640 0x0000020eec8addd0 code [0x0000020eec8adf80, 0x0000020eec8ae6d0]
Event: 3.779 Thread 0x0000020efda41000 1641       3       org.gradle.internal.service.DefaultServiceRegistry$OwnServices::getService (309 bytes)

GC Heap History (4 events):
Event: 2.307 GC heap before
{Heap before GC invocations=1 (full 0):
 PSYoungGen      total 76288K, used 65536K [0x00000000f5580000, 0x00000000faa80000, 0x0000000100000000)
  eden space 65536K, 100% used [0x00000000f5580000,0x00000000f9580000,0x00000000f9580000)
  from space 10752K, 0% used [0x00000000fa000000,0x00000000fa000000,0x00000000faa80000)
  to   space 10752K, 0% used [0x00000000f9580000,0x00000000f9580000,0x00000000fa000000)
 ParOldGen       total 175104K, used 0K [0x00000000e0000000, 0x00000000eab00000, 0x00000000f5580000)
  object space 175104K, 0% used [0x00000000e0000000,0x00000000e0000000,0x00000000eab00000)
 Metaspace       used 7847K, capacity 8106K, committed 8320K, reserved 1056768K
  class space    used 974K, capacity 1041K, committed 1152K, reserved 1048576K
Event: 2.316 GC heap after
Heap after GC invocations=1 (full 0):
 PSYoungGen      total 76288K, used 6000K [0x00000000f5580000, 0x00000000faa80000, 0x0000000100000000)
  eden space 65536K, 0% used [0x00000000f5580000,0x00000000f5580000,0x00000000f9580000)
  from space 10752K, 55% used [0x00000000f9580000,0x00000000f9b5c130,0x00000000fa000000)
  to   space 10752K, 0% used [0x00000000fa000000,0x00000000fa000000,0x00000000faa80000)
 ParOldGen       total 175104K, used 16K [0x00000000e0000000, 0x00000000eab00000, 0x00000000f5580000)
  object space 175104K, 0% used [0x00000000e0000000,0x00000000e0004000,0x00000000eab00000)
 Metaspace       used 7847K, capacity 8106K, committed 8320K, reserved 1056768K
  class space    used 974K, capacity 1041K, committed 1152K, reserved 1048576K
}
Event: 3.424 GC heap before
{Heap before GC invocations=2 (full 0):
 PSYoungGen      total 76288K, used 71536K [0x00000000f5580000, 0x00000000faa80000, 0x0000000100000000)
  eden space 65536K, 100% used [0x00000000f5580000,0x00000000f9580000,0x00000000f9580000)
  from space 10752K, 55% used [0x00000000f9580000,0x00000000f9b5c130,0x00000000fa000000)
  to   space 10752K, 0% used [0x00000000fa000000,0x00000000fa000000,0x00000000faa80000)
 ParOldGen       total 175104K, used 16K [0x00000000e0000000, 0x00000000eab00000, 0x00000000f5580000)
  object space 175104K, 0% used [0x00000000e0000000,0x00000000e0004000,0x00000000eab00000)
 Metaspace       used 14391K, capacity 14940K, committed 15360K, reserved 1062912K
  class space    used 2016K, capacity 2184K, committed 2304K, reserved 1048576K
Event: 3.435 GC heap after
Heap after GC invocations=2 (full 0):
 PSYoungGen      total 76288K, used 9262K [0x00000000f5580000, 0x00000000faa80000, 0x0000000100000000)
  eden space 65536K, 0% used [0x00000000f5580000,0x00000000f5580000,0x00000000f9580000)
  from space 10752K, 86% used [0x00000000fa000000,0x00000000fa90ba68,0x00000000faa80000)
  to   space 10752K, 0% used [0x00000000f9580000,0x00000000f9580000,0x00000000fa000000)
 ParOldGen       total 175104K, used 24K [0x00000000e0000000, 0x00000000eab00000, 0x00000000f5580000)
  object space 175104K, 0% used [0x00000000e0000000,0x00000000e0006000,0x00000000eab00000)
 Metaspace       used 14391K, capacity 14940K, committed 15360K, reserved 1062912K
  class space    used 2016K, capacity 2184K, committed 2304K, reserved 1048576K
}

Deoptimization events (10 events):
Event: 3.234 Thread 0x0000020e81448800 Uncommon trap: reason=bimorphic action=maybe_recompile pc=0x0000020eec573aa8 method=java.util.HashMap.putVal(ILjava/lang/Object;Ljava/lang/Object;ZZ)Ljava/lang/Object; @ 253
Event: 3.446 Thread 0x0000020e81448800 Uncommon trap: reason=class_check action=maybe_recompile pc=0x0000020eec67e084 method=java.util.regex.Matcher.match(II)Z @ 86
Event: 3.463 Thread 0x0000020e81448800 Uncommon trap: reason=class_check action=maybe_recompile pc=0x0000020eec67e084 method=java.util.regex.Matcher.match(II)Z @ 86
Event: 3.463 Thread 0x0000020e81448800 Uncommon trap: reason=class_check action=maybe_recompile pc=0x0000020eec67e084 method=java.util.regex.Matcher.match(II)Z @ 86
Event: 3.463 Thread 0x0000020e81448800 Uncommon trap: reason=class_check action=maybe_recompile pc=0x0000020eec4da5a8 method=java.util.regex.Matcher.match(II)Z @ 86
Event: 3.529 Thread 0x0000020e81448800 Uncommon trap: reason=unstable_if action=reinterpret pc=0x0000020eec67c3bc method=java.io.File.getName()Ljava/lang/String; @ 16
Event: 3.529 Thread 0x0000020e81448800 Uncommon trap: reason=unstable_if action=reinterpret pc=0x0000020eec676cdc method=java.lang.String.substring(I)Ljava/lang/String; @ 35
Event: 3.735 Thread 0x0000020e81448800 Uncommon trap: reason=unstable_if action=reinterpret pc=0x0000020eec5b3784 method=java.util.HashMap.getNode(ILjava/lang/Object;)Ljava/util/HashMap$Node; @ 129
Event: 3.735 Thread 0x0000020e81448800 Uncommon trap: reason=bimorphic action=maybe_recompile pc=0x0000020eec8142ac method=java.util.HashMap.putVal(ILjava/lang/Object;Ljava/lang/Object;ZZ)Ljava/lang/Object; @ 203
Event: 3.735 Thread 0x0000020e81448800 Uncommon trap: reason=unstable_if action=reinterpret pc=0x0000020eec5902d0 method=java.util.HashMap.getNode(ILjava/lang/Object;)Ljava/util/HashMap$Node; @ 129

Classes redefined (0 events):
No events

Internal exceptions (10 events):
Event: 3.197 Thread 0x0000020e8133c800 Exception <a 'java/lang/NoSuchMethodError': <clinit>> (0x00000000f765f188) thrown at [C:\jenkins\workspace\8-2-build-windows-amd64-cygwin\jdk8u271\605\hotspot\src\share\vm\prims\jni.cpp, line 1615]
Event: 3.199 Thread 0x0000020e8133c800 Exception <a 'java/lang/NoSuchMethodError': <clinit>> (0x00000000f76785d0) thrown at [C:\jenkins\workspace\8-2-build-windows-amd64-cygwin\jdk8u271\605\hotspot\src\share\vm\prims\jni.cpp, line 1615]
Event: 3.207 Thread 0x0000020e8133c800 Exception <a 'java/lang/NoSuchMethodError': <clinit>> (0x00000000f76e00e0) thrown at [C:\jenkins\workspace\8-2-build-windows-amd64-cygwin\jdk8u271\605\hotspot\src\share\vm\prims\jni.cpp, line 1615]
Event: 3.212 Thread 0x0000020e8133c800 Exception <a 'java/lang/NoSuchMethodError': <clinit>> (0x00000000f771b560) thrown at [C:\jenkins\workspace\8-2-build-windows-amd64-cygwin\jdk8u271\605\hotspot\src\share\vm\prims\jni.cpp, line 1615]
Event: 3.215 Thread 0x0000020e8133c800 Exception <a 'java/lang/NoSuchMethodError': <clinit>> (0x00000000f77502d8) thrown at [C:\jenkins\workspace\8-2-build-windows-amd64-cygwin\jdk8u271\605\hotspot\src\share\vm\prims\jni.cpp, line 1615]
Event: 3.380 Thread 0x0000020e81448800 Exception <a 'java/lang/NoSuchMethodError': java.lang.Object.lambda$static$0(Lorg/gradle/internal/state/ModelObject;)Ljava/lang/String;> (0x00000000f8b76120) thrown at [C:\jenkins\workspace\8-2-build-windows-amd64-cygwin\jdk8u271\605\hotspot\src\share\vm\
Event: 3.569 Thread 0x0000020e81448800 Exception <a 'java/lang/NoSuchMethodError': java.lang.Object.lambda$and$0(Ljava/util/function/Predicate;Ljava/lang/Object;)Z> (0x00000000f60a6070) thrown at [C:\jenkins\workspace\8-2-build-windows-amd64-cygwin\jdk8u271\605\hotspot\src\share\vm\interpreter
Event: 3.572 Thread 0x0000020e81448800 Exception <a 'java/lang/IncompatibleClassChangeError': Found class java.lang.Object, but interface was expected> (0x00000000f60b6400) thrown at [C:\jenkins\workspace\8-2-build-windows-amd64-cygwin\jdk8u271\605\hotspot\src\share\vm\interpreter\linkResolver
Event: 3.573 Thread 0x0000020e81448800 Exception <a 'java/lang/NoSuchMethodError': java.lang.Object.lambda$or$2(Ljava/util/function/Predicate;Ljava/lang/Object;)Z> (0x00000000f60bb138) thrown at [C:\jenkins\workspace\8-2-build-windows-amd64-cygwin\jdk8u271\605\hotspot\src\share\vm\interpreter\
Event: 3.605 Thread 0x0000020e81448800 Exception <a 'java/lang/NoSuchMethodError': java.lang.Object.lambda$comparing$77a9974f$1(Ljava/util/function/Function;Ljava/lang/Object;Ljava/lang/Object;)I> (0x00000000f64c1250) thrown at [C:\jenkins\workspace\8-2-build-windows-amd64-cygwin\jdk8u271\605\

Events (10 events):
Event: 3.777 loading class org/gradle/initialization/DefaultGradleLauncherFactory$NestedBuildFactoryInternal
Event: 3.777 loading class org/gradle/initialization/DefaultGradleLauncherFactory$NestedBuildFactoryInternal done
Event: 3.777 loading class org/gradle/initialization/NestedBuildFactory
Event: 3.777 loading class org/gradle/initialization/NestedBuildFactory done
Event: 3.778 loading class org/gradle/internal/service/scopes/Scopes$Build
Event: 3.778 loading class org/gradle/internal/service/scopes/Scopes$Build done
Event: 3.778 loading class org/gradle/profile/BuildProfileServices$1$1
Event: 3.778 loading class org/gradle/profile/BuildProfileServices$1$1 done
Event: 3.780 loading class org/gradle/internal/build/DefaultPublicBuildPath
Event: 3.780 loading class org/gradle/internal/build/DefaultPublicBuildPath done


Dynamic libraries:
0x00007ff6988f0000 - 0x00007ff698937000 	C:\Program Files\Java\jdk1.8.0_271\bin\java.exe
0x00007fff77770000 - 0x00007fff77965000 	C:\WINDOWS\SYSTEM32\ntdll.dll
0x00007fff75b40000 - 0x00007fff75bfd000 	C:\WINDOWS\System32\KERNEL32.DLL
0x00007fff75170000 - 0x00007fff75439000 	C:\WINDOWS\System32\KERNELBASE.dll
0x00007fff75ec0000 - 0x00007fff75f6c000 	C:\WINDOWS\System32\ADVAPI32.dll
0x00007fff75aa0000 - 0x00007fff75b3e000 	C:\WINDOWS\System32\msvcrt.dll
0x00007fff75c00000 - 0x00007fff75c9b000 	C:\WINDOWS\System32\sechost.dll
0x00007fff77240000 - 0x00007fff7736a000 	C:\WINDOWS\System32\RPCRT4.dll
0x00007fff75900000 - 0x00007fff75aa0000 	C:\WINDOWS\System32\USER32.dll
0x00007fff75140000 - 0x00007fff75162000 	C:\WINDOWS\System32\win32u.dll
0x00007fff766c0000 - 0x00007fff766ea000 	C:\WINDOWS\System32\GDI32.dll
0x00007fff75470000 - 0x00007fff7557b000 	C:\WINDOWS\System32\gdi32full.dll
0x00007fff750a0000 - 0x00007fff7513d000 	C:\WINDOWS\System32\msvcp_win.dll
0x00007fff74eb0000 - 0x00007fff74fb0000 	C:\WINDOWS\System32\ucrtbase.dll
0x00007fff593b0000 - 0x00007fff5964a000 	C:\WINDOWS\WinSxS\amd64_microsoft.windows.common-controls_6595b64144ccf1df_6.0.19041.1110_none_60b5254171f9507e\COMCTL32.dll
0x00007fff75cb0000 - 0x00007fff75ce0000 	C:\WINDOWS\System32\IMM32.DLL
0x00007fff6bca0000 - 0x00007fff6bcb5000 	C:\Program Files\Java\jdk1.8.0_271\jre\bin\vcruntime140.dll
0x00007fff5a6a0000 - 0x00007fff5a73b000 	C:\Program Files\Java\jdk1.8.0_271\jre\bin\msvcp140.dll
0x0000000066e40000 - 0x00000000676af000 	C:\Program Files\Java\jdk1.8.0_271\jre\bin\server\jvm.dll
0x00007fff75ca0000 - 0x00007fff75ca8000 	C:\WINDOWS\System32\PSAPI.DLL
0x00007fff5f580000 - 0x00007fff5f589000 	C:\WINDOWS\SYSTEM32\WSOCK32.dll
0x00007fff771d0000 - 0x00007fff7723b000 	C:\WINDOWS\System32\WS2_32.dll
0x00007fff5f930000 - 0x00007fff5f957000 	C:\WINDOWS\SYSTEM32\WINMM.dll
0x00007fff6fa00000 - 0x00007fff6fa0a000 	C:\WINDOWS\SYSTEM32\VERSION.dll
0x00007fff738e0000 - 0x00007fff738f2000 	C:\WINDOWS\SYSTEM32\kernel.appcore.dll
0x00007fff6fff0000 - 0x00007fff70000000 	C:\Program Files\Java\jdk1.8.0_271\jre\bin\verify.dll
0x00007fff6a6f0000 - 0x00007fff6a71b000 	C:\Program Files\Java\jdk1.8.0_271\jre\bin\java.dll
0x00007fff6bbd0000 - 0x00007fff6bbe8000 	C:\Program Files\Java\jdk1.8.0_271\jre\bin\zip.dll
0x00007fff76960000 - 0x00007fff7709f000 	C:\WINDOWS\System32\SHELL32.dll
0x00007fff72c10000 - 0x00007fff733a1000 	C:\WINDOWS\SYSTEM32\windows.storage.dll
0x00007fff773d0000 - 0x00007fff77725000 	C:\WINDOWS\System32\combase.dll
0x00007fff74920000 - 0x00007fff7494c000 	C:\WINDOWS\SYSTEM32\Wldp.dll
0x00007fff76610000 - 0x00007fff766be000 	C:\WINDOWS\System32\SHCORE.dll
0x00007fff75d70000 - 0x00007fff75dc5000 	C:\WINDOWS\System32\shlwapi.dll
0x00007fff74df0000 - 0x00007fff74e0f000 	C:\WINDOWS\SYSTEM32\profapi.dll
0x00007fff6a9c0000 - 0x00007fff6a9dc000 	C:\Program Files\Java\jdk1.8.0_271\jre\bin\net.dll
0x00007fff745b0000 - 0x00007fff7461a000 	C:\WINDOWS\system32\mswsock.dll
0x00007fff6a7c0000 - 0x00007fff6a7d3000 	C:\Program Files\Java\jdk1.8.0_271\jre\bin\nio.dll
0x00007fff6a790000 - 0x00007fff6a7b6000 	C:\Users\rafae\.gradle\native\fdc75f09e3144964f2cf3f50f0aa648679c211496f362492102eb8c894070792\windows-amd64\native-platform.dll
0x00007fff2e3f0000 - 0x00007fff2e581000 	C:\Users\rafae\.gradle\native\12488b8bf47d2d4c9fbf2f6322a914ad602e24e48041cd04a747c6da556b65c4\windows-amd64\native-platform-file-events.dll
0x00007fff6f740000 - 0x00007fff6f74d000 	C:\Program Files\Java\jdk1.8.0_271\jre\bin\management.dll
0x00007fff74870000 - 0x00007fff74888000 	C:\WINDOWS\SYSTEM32\CRYPTSP.dll
0x00007fff73f50000 - 0x00007fff73f84000 	C:\WINDOWS\system32\rsaenh.dll
0x00007fff75440000 - 0x00007fff75467000 	C:\WINDOWS\System32\bcrypt.dll
0x00007fff74d70000 - 0x00007fff74d9e000 	C:\WINDOWS\SYSTEM32\USERENV.dll
0x00007fff74fb0000 - 0x00007fff75033000 	C:\WINDOWS\System32\bcryptprimitives.dll
0x00007fff74860000 - 0x00007fff7486c000 	C:\WINDOWS\SYSTEM32\CRYPTBASE.dll
0x00007fff742a0000 - 0x00007fff742db000 	C:\WINDOWS\SYSTEM32\IPHLPAPI.DLL
0x00007fff763f0000 - 0x00007fff763f8000 	C:\WINDOWS\System32\NSI.dll
0x00007fff6b440000 - 0x00007fff6b457000 	C:\WINDOWS\SYSTEM32\dhcpcsvc6.DLL
0x00007fff6b620000 - 0x00007fff6b63d000 	C:\WINDOWS\SYSTEM32\dhcpcsvc.DLL
0x00007fff742e0000 - 0x00007fff743ac000 	C:\WINDOWS\SYSTEM32\DNSAPI.dll
0x00007fff6bf80000 - 0x00007fff6bf8b000 	C:\WINDOWS\SYSTEM32\WINNSI.DLL

VM Arguments:
jvm_args: -XX:MaxMetaspaceSize=256m -XX:+HeapDumpOnOutOfMemoryError -Xms256m -Xmx512m -Dfile.encoding=windows-1252 -Duser.country=BR -Duser.language=pt -Duser.variant 
java_command: org.gradle.launcher.daemon.bootstrap.GradleDaemon 6.8
java_class_path (initial): C:\Users\rafae\.gradle\wrapper\dists\gradle-6.8-bin\1jblhjyydfkclfzx1agp92nyl\gradle-6.8\lib\gradle-launcher-6.8.jar
Launcher Type: SUN_STANDARD

Environment Variables:
PATH=C:\Program Files (x86)\Common Files\Oracle\Java\javapath;C:\Program Files (x86)\Intel\iCLS Client\;C:\Program Files\Intel\iCLS Client\;C:\WINDOWS\system32;C:\WINDOWS;C:\WINDOWS\System32\Wbem;C:\WINDOWS\System32\WindowsPowerShell\v1.0\;C:\WINDOWS\System32\OpenSSH\;C:\Program Files (x86)\Intel\Intel(R) Management Engine Components\DAL;C:\Program Files\Intel\Intel(R) Management Engine Components\DAL;C:\Program Files (x86)\Intel\Intel(R) Management Engine Components\IPT;C:\Program Files\Intel\Intel(R) Management Engine Components\IPT;C:\Program Files\Intel\WiFi\bin\;C:\Program Files\Common Files\Intel\WirelessCommon\;C:\Program Files\nodejs\;C:\Program Files\Git\cmd;C:\Users\rafae\AppData\Local\Microsoft\WindowsApps;C:\Users\rafae\AppData\Roaming\npm
USERNAME=rafae
OS=Windows_NT
PROCESSOR_IDENTIFIER=Intel64 Family 6 Model 142 Stepping 9, GenuineIntel



---------------  S Y S T E M  ---------------

OS: Windows 10.0 , 64 bit Build 19041 (10.0.19041.1023)

CPU:total 4 (initial active 4) (2 cores per cpu, 2 threads per core) family 6 model 142 stepping 9, cmov, cx8, fxsr, mmx, sse, sse2, sse3, ssse3, sse4.1, sse4.2, popcnt, avx, avx2, aes, clmul, erms, 3dnowpref, lzcnt, ht, tsc, tscinvbit, bmi1, bmi2, adx

Memory: 4k page, physical 8236772k(543724k free), swap 8236772k(4512k free)

vm_info: Java HotSpot(TM) 64-Bit Server VM (25.271-b09) for windows-amd64 JRE (1.8.0_271-b09), built on Sep 16 2020 19:14:59 by "" with MS VC++ 15.9 (VS2017)

time: Thu Jul 22 19:25:32 2021
timezone: Hora oficial do Brasil
elapsed time: 4.176792 seconds (0d 0h 0m 4s)

